<?xml version="1.0" encoding="UTF-8"?>
<testng-results ignored="0" total="1" passed="1" failed="0" skipped="0">
  <reporter-output>
  </reporter-output>
  <suite started-at="2023-07-24T16:34:27 IST" name="Default suite" finished-at="2023-07-24T16:35:25 IST" duration-ms="58745">
    <groups>
    </groups>
    <test started-at="2023-07-24T16:34:27 IST" name="Default test" finished-at="2023-07-24T16:35:25 IST" duration-ms="58745">
      <class name="TEST.Actitime_LoginCustomerDeleteLogout">
        <test-method is-config="true" signature="executionstsrt()[pri:0, instance:TEST.Actitime_LoginCustomerDeleteLogout@5656be13]" started-at="2023-07-24T16:34:27 IST" name="executionstsrt" finished-at="2023-07-24T16:34:27 IST" duration-ms="10" status="PASS">
          <reporter-output>
          </reporter-output>
        </test-method> <!-- executionstsrt -->
        <test-method is-config="true" signature="setup()[pri:0, instance:TEST.Actitime_LoginCustomerDeleteLogout@5656be13]" started-at="2023-07-24T16:34:27 IST" name="setup" finished-at="2023-07-24T16:34:37 IST" duration-ms="10571" status="PASS">
          <reporter-output>
          </reporter-output>
        </test-method> <!-- setup -->
        <test-method signature="LoginNewCustomerLogout()[pri:0, instance:TEST.Actitime_LoginCustomerDeleteLogout@5656be13]" started-at="2023-07-24T16:34:37 IST" name="LoginNewCustomerLogout" finished-at="2023-07-24T16:35:25 IST" duration-ms="47739" status="PASS">
          <reporter-output>
          </reporter-output>
        </test-method> <!-- LoginNewCustomerLogout -->
        <test-method is-config="true" signature="teardown()[pri:0, instance:TEST.Actitime_LoginCustomerDeleteLogout@5656be13]" started-at="2023-07-24T16:35:25 IST" name="teardown" finished-at="2023-07-24T16:35:25 IST" duration-ms="388" status="PASS">
          <reporter-output>
          </reporter-output>
        </test-method> <!-- teardown -->
        <test-method is-config="true" signature="executioncomplete()[pri:0, instance:TEST.Actitime_LoginCustomerDeleteLogout@5656be13]" started-at="2023-07-24T16:35:25 IST" name="executioncomplete" finished-at="2023-07-24T16:35:25 IST" duration-ms="2" status="PASS">
          <reporter-output>
          </reporter-output>
        </test-method> <!-- executioncomplete -->
      </class> <!-- TEST.Actitime_LoginCustomerDeleteLogout -->
    </test> <!-- Default test -->
  </suite> <!-- Default suite -->
</testng-results>
